[20:32:10] [Server thread/INFO]: Starting minecraft server version 1.8.8
[20:32:10] [Server thread/INFO]: Loading properties
[20:32:10] [Server thread/INFO]: Default game type: SURVIVAL
[20:32:11] [Server thread/INFO]: This server is running CraftBukkit version git-Spigot-21fe707-e1ebe52 (MC: 1.8.8) (Implementing API version 1.8.8-R0.1-SNAPSHOT)
[20:32:11] [Server thread/INFO]: Debug logging is disabled
[20:32:11] [Server thread/INFO]: Using 4 threads for Netty based IO
[20:32:11] [Server thread/INFO]: Server Ping Player Sample Count: 12
[20:32:11] [Server thread/INFO]: Generating keypair
[20:32:11] [Server thread/INFO]: Starting Minecraft server on 127.0.0.1:25565
[20:32:11] [Server thread/INFO]: Using default channel type
[20:32:12] [Server thread/INFO]: Set PluginClassLoader as parallel capable
[20:32:12] [Server thread/INFO]: [LuckPerms] Loading LuckPerms v5.1.47
[20:32:12] [Server thread/INFO]: [LuckPerms] Enabling LuckPerms v5.1.47
[20:32:12] [Server thread/INFO]: [0;36;1m       [0;36;22m __    [m
[20:32:12] [Server thread/INFO]: [0;36;1m  |    [0;36;22m|__)   [0;32;22mLuckPerms [0;36;1mv5.1.47[m
[20:32:12] [Server thread/INFO]: [0;36;1m  |___ [0;36;22m|      [0;30;1mRunning on Bukkit - CraftBukkit[m
[20:32:12] [Server thread/INFO]: [m
[20:32:12] [Server thread/INFO]: [LuckPerms] Loading configuration...
[20:32:15] [Server thread/INFO]: [LuckPerms] Loading storage provider... [H2]
[20:32:16] [Server thread/INFO]: [LuckPerms] Loading internal permission managers...
[20:32:16] [Server thread/INFO]: [LuckPerms] Performing initial data load...
[20:32:17] [Server thread/INFO]: [LuckPerms] Successfully enabled. (took 4394ms)
[20:32:17] [Server thread/WARN]: **** SERVER IS RUNNING IN OFFLINE/INSECURE MODE!
[20:32:17] [Server thread/WARN]: The server will make no attempt to authenticate usernames. Beware.
[20:32:17] [Server thread/WARN]: Whilst this makes it possible to use BungeeCord, unless access to your server is properly restricted, it also opens up the ability for hackers to connect with any username they choose.
[20:32:17] [Server thread/WARN]: Please see http://www.spigotmc.org/wiki/firewall-guide/ for further information.
[20:32:17] [Server thread/WARN]: To change this, set "online-mode" to "true" in the server.properties file.
[20:32:17] [Server thread/INFO]: **** Beginning UUID conversion, this may take A LONG time ****
[20:32:17] [Server thread/INFO]: Preparing level "world"
[20:32:17] [Server thread/INFO]: -------- World Settings For [world] --------
[20:32:17] [Server thread/INFO]: Arrow Despawn Rate: 1200
[20:32:17] [Server thread/INFO]: Allow Zombie Pigmen to spawn from portal blocks: true
[20:32:17] [Server thread/INFO]: Item Despawn Rate: 6000
[20:32:17] [Server thread/INFO]: Item Merge Radius: 2.5
[20:32:17] [Server thread/INFO]: Zombie Aggressive Towards Villager: true
[20:32:17] [Server thread/INFO]: Experience Merge Radius: 3.0
[20:32:17] [Server thread/INFO]: Chunks to Grow per Tick: 650
[20:32:17] [Server thread/INFO]: Clear tick list: false
[20:32:17] [Server thread/INFO]: View Distance: 10
[20:32:17] [Server thread/INFO]: Custom Map Seeds:  Village: 10387312 Feature: 14357617
[20:32:17] [Server thread/INFO]: Max Entity Collisions: 8
[20:32:17] [Server thread/INFO]: Mob Spawn Range: 4
[20:32:17] [Server thread/INFO]: Nerfing mobs spawned from spawners: false
[20:32:17] [Server thread/INFO]: Hopper Transfer: 8 Hopper Check: 8 Hopper Amount: 1
[20:32:17] [Server thread/INFO]: Cactus Growth Modifier: 100%
[20:32:17] [Server thread/INFO]: Cane Growth Modifier: 100%
[20:32:17] [Server thread/INFO]: Melon Growth Modifier: 100%
[20:32:17] [Server thread/INFO]: Mushroom Growth Modifier: 100%
[20:32:17] [Server thread/INFO]: Pumpkin Growth Modifier: 100%
[20:32:17] [Server thread/INFO]: Sapling Growth Modifier: 100%
[20:32:17] [Server thread/INFO]: Wheat Growth Modifier: 100%
[20:32:17] [Server thread/INFO]: NetherWart Growth Modifier: 100%
[20:32:17] [Server thread/INFO]: Entity Tracking Range: Pl 48 / An 48 / Mo 48 / Mi 32 / Other 64
[20:32:17] [Server thread/INFO]: Random Lighting Updates: false
[20:32:17] [Server thread/INFO]: Anti X-Ray: true
[20:32:17] [Server thread/INFO]: 	Engine Mode: 1
[20:32:17] [Server thread/INFO]: 	Hidden Blocks: [14, 15, 16, 21, 48, 49, 54, 56, 73, 74, 82, 129, 130]
[20:32:17] [Server thread/INFO]: 	Replace Blocks: [1, 5]
[20:32:17] [Server thread/INFO]: Structure Info Saving: true
[20:32:17] [Server thread/INFO]: Entity Activation Range: An 32 / Mo 32 / Mi 16
[20:32:17] [Server thread/INFO]: Sending up to 10 chunks per packet
[20:32:17] [Server thread/INFO]: Max TNT Explosions: 100
[20:32:17] [Server thread/INFO]: Tile Max Tick Time: 50ms Entity max Tick Time: 50ms
[20:32:17] [Server thread/INFO]: -------- World Settings For [world_nether] --------
[20:32:17] [Server thread/INFO]: Arrow Despawn Rate: 1200
[20:32:17] [Server thread/INFO]: Allow Zombie Pigmen to spawn from portal blocks: true
[20:32:17] [Server thread/INFO]: Item Despawn Rate: 6000
[20:32:17] [Server thread/INFO]: Item Merge Radius: 2.5
[20:32:17] [Server thread/INFO]: Zombie Aggressive Towards Villager: true
[20:32:17] [Server thread/INFO]: Experience Merge Radius: 3.0
[20:32:17] [Server thread/INFO]: Chunks to Grow per Tick: 650
[20:32:17] [Server thread/INFO]: Clear tick list: false
[20:32:17] [Server thread/INFO]: View Distance: 10
[20:32:17] [Server thread/INFO]: Custom Map Seeds:  Village: 10387312 Feature: 14357617
[20:32:17] [Server thread/INFO]: Max Entity Collisions: 8
[20:32:17] [Server thread/INFO]: Mob Spawn Range: 4
[20:32:17] [Server thread/INFO]: Nerfing mobs spawned from spawners: false
[20:32:17] [Server thread/INFO]: Hopper Transfer: 8 Hopper Check: 8 Hopper Amount: 1
[20:32:17] [Server thread/INFO]: Cactus Growth Modifier: 100%
[20:32:17] [Server thread/INFO]: Cane Growth Modifier: 100%
[20:32:17] [Server thread/INFO]: Melon Growth Modifier: 100%
[20:32:17] [Server thread/INFO]: Mushroom Growth Modifier: 100%
[20:32:17] [Server thread/INFO]: Pumpkin Growth Modifier: 100%
[20:32:17] [Server thread/INFO]: Sapling Growth Modifier: 100%
[20:32:17] [Server thread/INFO]: Wheat Growth Modifier: 100%
[20:32:17] [Server thread/INFO]: NetherWart Growth Modifier: 100%
[20:32:17] [Server thread/INFO]: Entity Tracking Range: Pl 48 / An 48 / Mo 48 / Mi 32 / Other 64
[20:32:17] [Server thread/INFO]: Random Lighting Updates: false
[20:32:17] [Server thread/INFO]: Anti X-Ray: true
[20:32:17] [Server thread/INFO]: 	Engine Mode: 1
[20:32:17] [Server thread/INFO]: 	Hidden Blocks: [14, 15, 16, 21, 48, 49, 54, 56, 73, 74, 82, 129, 130]
[20:32:17] [Server thread/INFO]: 	Replace Blocks: [1, 5]
[20:32:17] [Server thread/INFO]: Structure Info Saving: true
[20:32:17] [Server thread/INFO]: Entity Activation Range: An 32 / Mo 32 / Mi 16
[20:32:17] [Server thread/INFO]: Sending up to 10 chunks per packet
[20:32:17] [Server thread/INFO]: Max TNT Explosions: 100
[20:32:17] [Server thread/INFO]: Tile Max Tick Time: 50ms Entity max Tick Time: 50ms
[20:32:17] [Server thread/INFO]: -------- World Settings For [world_the_end] --------
[20:32:17] [Server thread/INFO]: Arrow Despawn Rate: 1200
[20:32:17] [Server thread/INFO]: Allow Zombie Pigmen to spawn from portal blocks: true
[20:32:17] [Server thread/INFO]: Item Despawn Rate: 6000
[20:32:17] [Server thread/INFO]: Item Merge Radius: 2.5
[20:32:17] [Server thread/INFO]: Zombie Aggressive Towards Villager: true
[20:32:17] [Server thread/INFO]: Experience Merge Radius: 3.0
[20:32:17] [Server thread/INFO]: Chunks to Grow per Tick: 650
[20:32:17] [Server thread/INFO]: Clear tick list: false
[20:32:17] [Server thread/INFO]: View Distance: 10
[20:32:17] [Server thread/INFO]: Custom Map Seeds:  Village: 10387312 Feature: 14357617
[20:32:17] [Server thread/INFO]: Max Entity Collisions: 8
[20:32:17] [Server thread/INFO]: Mob Spawn Range: 4
[20:32:17] [Server thread/INFO]: Nerfing mobs spawned from spawners: false
[20:32:17] [Server thread/INFO]: Hopper Transfer: 8 Hopper Check: 8 Hopper Amount: 1
[20:32:17] [Server thread/INFO]: Cactus Growth Modifier: 100%
[20:32:17] [Server thread/INFO]: Cane Growth Modifier: 100%
[20:32:17] [Server thread/INFO]: Melon Growth Modifier: 100%
[20:32:17] [Server thread/INFO]: Mushroom Growth Modifier: 100%
[20:32:17] [Server thread/INFO]: Pumpkin Growth Modifier: 100%
[20:32:17] [Server thread/INFO]: Sapling Growth Modifier: 100%
[20:32:17] [Server thread/INFO]: Wheat Growth Modifier: 100%
[20:32:17] [Server thread/INFO]: NetherWart Growth Modifier: 100%
[20:32:17] [Server thread/INFO]: Entity Tracking Range: Pl 48 / An 48 / Mo 48 / Mi 32 / Other 64
[20:32:17] [Server thread/INFO]: Random Lighting Updates: false
[20:32:17] [Server thread/INFO]: Anti X-Ray: true
[20:32:17] [Server thread/INFO]: 	Engine Mode: 1
[20:32:17] [Server thread/INFO]: 	Hidden Blocks: [14, 15, 16, 21, 48, 49, 54, 56, 73, 74, 82, 129, 130]
[20:32:17] [Server thread/INFO]: 	Replace Blocks: [1, 5]
[20:32:17] [Server thread/INFO]: Structure Info Saving: true
[20:32:17] [Server thread/INFO]: Entity Activation Range: An 32 / Mo 32 / Mi 16
[20:32:17] [Server thread/INFO]: Sending up to 10 chunks per packet
[20:32:17] [Server thread/INFO]: Max TNT Explosions: 100
[20:32:17] [Server thread/INFO]: Tile Max Tick Time: 50ms Entity max Tick Time: 50ms
[20:32:17] [Server thread/INFO]: Preparing start region for level 0 (Seed: 4455563649672467197)
[20:32:18] [Server thread/INFO]: Preparing spawn area: 32%
[20:32:18] [Server thread/INFO]: Preparing start region for level 1 (Seed: 4455563649672467197)
[20:32:19] [Server thread/INFO]: Preparing spawn area: 93%
[20:32:20] [Server thread/INFO]: Preparing start region for level 2 (Seed: 4455563649672467197)
[20:32:20] [Server thread/INFO]: Server permissions file permissions.yml is empty, ignoring it
[20:32:20] [Server thread/INFO]: Done (3.670s)! For help, type "help" or "?"
[20:37:43] [Thread-10/INFO]: UUID of player Striker_579 is ff555f69-18ab-4d86-a174-64af5f422d67
[20:37:43] [Server thread/INFO]: Striker_579[/127.0.0.1:60003] logged in with entity id 185 at ([world]-254.01994118481286, 71.0, 95.85435829589129)
[20:38:05] [Server thread/INFO]: Striker_579 lost connection: Disconnected
[20:38:05] [Server thread/INFO]: Striker_579 left the game.
[20:40:20] [Thread-11/INFO]: UUID of player Striker_579 is ff555f69-18ab-4d86-a174-64af5f422d67
[20:40:20] [Server thread/INFO]: Striker_579[/127.0.0.1:60064] logged in with entity id 326 at ([world]-254.01994118481286, 71.0, 95.85435829589129)
[20:40:42] [Server thread/INFO]: Striker_579 lost connection: Internal Exception: java.io.IOException: An existing connection was forcibly closed by the remote host
[20:40:42] [Server thread/INFO]: Striker_579 left the game.
